{"uuid":"b17c3f37-cc6e-4473-9a68-243163990ac0","historyId":"593bd29c3f16a28e4b87b2a4f3689173","fullName":"Login: log02 - Login failed","labels":[{"name":"tag","value":"login"},{"name":"tag","value":"log02"},{"name":"host","value":"DESKTOP-QU0GECE"},{"name":"thread","value":"24272@DESKTOP-QU0GECE.main(1)"},{"name":"feature","value":"Login"},{"name":"story","value":"log02 - Login failed"},{"name":"suite","value":"Login"},{"name":"testClass","value":"log02 - Login failed"},{"name":"framework","value":"cucumber4jvm"},{"name":"language","value":"java"},{"name":"gherkin_uri","value":"file:///C:/Users/Pawk39/IdeaProjects/Automatisation-Playwright/src/test/java/features/login.feature"},{"name":"package","value":"src.test.java.features.login_feature.Login"}],"links":[],"name":"log02 - Login failed","status":"broken","statusDetails":{"known":false,"muted":false,"flaky":false,"message":"Failed to instantiate class step_definitions.StepDef_login","trace":"io.cucumber.core.exception.CucumberException: Failed to instantiate class step_definitions.StepDef_login\r\n\tat io.cucumber.core.backend.DefaultObjectFactory.cacheNewInstance(DefaultObjectFactory.java:67)\r\n\tat io.cucumber.core.backend.DefaultObjectFactory.getInstance(DefaultObjectFactory.java:45)\r\n\tat io.cucumber.java.AbstractGlueDefinition.invokeMethod(AbstractGlueDefinition.java:47)\r\n\tat io.cucumber.java.JavaStepDefinition.execute(JavaStepDefinition.java:29)\r\n\tat io.cucumber.core.runner.CoreStepDefinition.execute(CoreStepDefinition.java:66)\r\n\tat io.cucumber.core.runner.PickleStepDefinitionMatch.runStep(PickleStepDefinitionMatch.java:63)\r\n\tat io.cucumber.core.runner.ExecutionMode$1.execute(ExecutionMode.java:10)\r\n\tat io.cucumber.core.runner.TestStep.executeStep(TestStep.java:86)\r\n\tat io.cucumber.core.runner.TestStep.run(TestStep.java:57)\r\n\tat io.cucumber.core.runner.PickleStepTestStep.run(PickleStepTestStep.java:51)\r\n\tat io.cucumber.core.runner.TestCase.run(TestCase.java:95)\r\n\tat io.cucumber.core.runner.Runner.runPickle(Runner.java:75)\r\n\tat io.cucumber.junit.PickleRunners$NoStepDescriptions.lambda$run$0(PickleRunners.java:151)\r\n\tat io.cucumber.core.runtime.CucumberExecutionContext.lambda$runTestCase$3(CucumberExecutionContext.java:151)\r\n\tat io.cucumber.core.runtime.RethrowingThrowableCollector.executeAndThrow(RethrowingThrowableCollector.java:23)\r\n\tat io.cucumber.core.runtime.CucumberExecutionContext.runTestCase(CucumberExecutionContext.java:151)\r\n\tat io.cucumber.junit.PickleRunners$NoStepDescriptions.run(PickleRunners.java:148)\r\n\tat io.cucumber.junit.FeatureRunner.runChild(FeatureRunner.java:144)\r\n\tat io.cucumber.junit.FeatureRunner.runChild(FeatureRunner.java:28)\r\n\tat org.junit.runners.ParentRunner$4.run(ParentRunner.java:331)\r\n\tat org.junit.runners.ParentRunner$1.schedule(ParentRunner.java:79)\r\n\tat org.junit.runners.ParentRunner.runChildren(ParentRunner.java:329)\r\n\tat org.junit.runners.ParentRunner.access$100(ParentRunner.java:66)\r\n\tat org.junit.runners.ParentRunner$2.evaluate(ParentRunner.java:293)\r\n\tat org.junit.runners.ParentRunner$3.evaluate(ParentRunner.java:306)\r\n\tat org.junit.runners.ParentRunner.run(ParentRunner.java:413)\r\n\tat io.cucumber.junit.FeatureRunner.run(FeatureRunner.java:137)\r\n\tat io.cucumber.junit.Cucumber.runChild(Cucumber.java:196)\r\n\tat io.cucumber.junit.Cucumber.runChild(Cucumber.java:89)\r\n\tat org.junit.runners.ParentRunner$4.run(ParentRunner.java:331)\r\n\tat org.junit.runners.ParentRunner$1.schedule(ParentRunner.java:79)\r\n\tat org.junit.runners.ParentRunner.runChildren(ParentRunner.java:329)\r\n\tat org.junit.runners.ParentRunner.access$100(ParentRunner.java:66)\r\n\tat org.junit.runners.ParentRunner$2.evaluate(ParentRunner.java:293)\r\n\tat io.cucumber.junit.Cucumber$RunBeforeAllHooks.evaluate(Cucumber.java:266)\r\n\tat io.cucumber.junit.Cucumber$RunAfterAllHooks.evaluate(Cucumber.java:281)\r\n\tat io.cucumber.junit.Cucumber$StartTestRun.evaluate(Cucumber.java:233)\r\n\tat io.cucumber.junit.Cucumber$FinishTestRun.evaluate(Cucumber.java:248)\r\n\tat org.junit.runners.ParentRunner$3.evaluate(ParentRunner.java:306)\r\n\tat org.junit.runners.ParentRunner.run(ParentRunner.java:413)\r\n\tat org.apache.maven.surefire.junit4.JUnit4Provider.execute(JUnit4Provider.java:252)\r\n\tat org.apache.maven.surefire.junit4.JUnit4Provider.executeTestSet(JUnit4Provider.java:141)\r\n\tat org.apache.maven.surefire.junit4.JUnit4Provider.invoke(JUnit4Provider.java:112)\r\n\tat java.base/jdk.internal.reflect.NativeMethodAccessorImpl.invoke0(Native Method)\r\n\tat java.base/jdk.internal.reflect.NativeMethodAccessorImpl.invoke(NativeMethodAccessorImpl.java:77)\r\n\tat java.base/jdk.internal.reflect.DelegatingMethodAccessorImpl.invoke(DelegatingMethodAccessorImpl.java:43)\r\n\tat java.base/java.lang.reflect.Method.invoke(Method.java:568)\r\n\tat org.apache.maven.surefire.util.ReflectionUtils.invokeMethodWithArray(ReflectionUtils.java:189)\r\n\tat org.apache.maven.surefire.booter.ProviderFactory$ProviderProxy.invoke(ProviderFactory.java:165)\r\n\tat org.apache.maven.surefire.booter.ProviderFactory.invokeProvider(ProviderFactory.java:85)\r\n\tat org.apache.maven.surefire.booter.ForkedBooter.runSuitesInProcess(ForkedBooter.java:115)\r\n\tat org.apache.maven.surefire.booter.ForkedBooter.main(ForkedBooter.java:75)\r\nCaused by: java.lang.reflect.InvocationTargetException\r\n\tat java.base/jdk.internal.reflect.NativeConstructorAccessorImpl.newInstance0(Native Method)\r\n\tat java.base/jdk.internal.reflect.NativeConstructorAccessorImpl.newInstance(NativeConstructorAccessorImpl.java:77)\r\n\tat java.base/jdk.internal.reflect.DelegatingConstructorAccessorImpl.newInstance(DelegatingConstructorAccessorImpl.java:45)\r\n\tat java.base/java.lang.reflect.Constructor.newInstanceWithCaller(Constructor.java:499)\r\n\tat java.base/java.lang.reflect.Constructor.newInstance(Constructor.java:480)\r\n\tat io.cucumber.core.backend.DefaultObjectFactory.cacheNewInstance(DefaultObjectFactory.java:53)\r\n\t... 51 more\r\nCaused by: com.microsoft.playwright.TimeoutError: Error {\n  message='Timeout 30000ms exceeded.\n  name='TimeoutError\n  stack='TimeoutError: Timeout 30000ms exceeded.\n    at ProgressController.run (C:\\Users\\Pawk39\\AppData\\Local\\Temp\\playwright-java-5223264599714492088\\package\\lib\\server\\progress.js:96:26)\n    at Chromium.launch (C:\\Users\\Pawk39\\AppData\\Local\\Temp\\playwright-java-5223264599714492088\\package\\lib\\server\\browserType.js:81:38)\n    at BrowserTypeDispatcher.launch (C:\\Users\\Pawk39\\AppData\\Local\\Temp\\playwright-java-5223264599714492088\\package\\lib\\dispatchers\\browserTypeDispatcher.js:48:40)\n    at DispatcherConnection.dispatch (C:\\Users\\Pawk39\\AppData\\Local\\Temp\\playwright-java-5223264599714492088\\package\\lib\\dispatchers\\dispatcher.js:352:46)\n}\r\n\tat com.microsoft.playwright.impl.WaitableResult.get(WaitableResult.java:52)\r\n\tat com.microsoft.playwright.impl.ChannelOwner.runUntil(ChannelOwner.java:103)\r\n\tat com.microsoft.playwright.impl.Connection.sendMessage(Connection.java:115)\r\n\tat com.microsoft.playwright.impl.ChannelOwner.sendMessage(ChannelOwner.java:94)\r\n\tat com.microsoft.playwright.impl.BrowserTypeImpl.launchImpl(BrowserTypeImpl.java:47)\r\n\tat com.microsoft.playwright.impl.BrowserTypeImpl.lambda$launch$0(BrowserTypeImpl.java:39)\r\n\tat com.microsoft.playwright.impl.LoggingSupport.withLogging(LoggingSupport.java:47)\r\n\tat com.microsoft.playwright.impl.ChannelOwner.withLogging(ChannelOwner.java:79)\r\n\tat com.microsoft.playwright.impl.BrowserTypeImpl.launch(BrowserTypeImpl.java:39)\r\n\tat com.microsoft.playwright.impl.BrowserTypeImpl.launch(BrowserTypeImpl.java:32)\r\n\tat step_definitions.StepDef_login.<init>(StepDef_login.java:16)\r\n\t... 57 more\r\nCaused by: com.microsoft.playwright.TimeoutError: Error {\n  message='Timeout 30000ms exceeded.\n  name='TimeoutError\n  stack='TimeoutError: Timeout 30000ms exceeded.\n    at ProgressController.run (C:\\Users\\Pawk39\\AppData\\Local\\Temp\\playwright-java-5223264599714492088\\package\\lib\\server\\progress.js:96:26)\n    at Chromium.launch (C:\\Users\\Pawk39\\AppData\\Local\\Temp\\playwright-java-5223264599714492088\\package\\lib\\server\\browserType.js:81:38)\n    at BrowserTypeDispatcher.launch (C:\\Users\\Pawk39\\AppData\\Local\\Temp\\playwright-java-5223264599714492088\\package\\lib\\dispatchers\\browserTypeDispatcher.js:48:40)\n    at DispatcherConnection.dispatch (C:\\Users\\Pawk39\\AppData\\Local\\Temp\\playwright-java-5223264599714492088\\package\\lib\\dispatchers\\dispatcher.js:352:46)\n}\r\n\tat com.microsoft.playwright.impl.Connection.dispatch(Connection.java:226)\r\n\tat com.microsoft.playwright.impl.Connection.processOneMessage(Connection.java:208)\r\n\tat com.microsoft.playwright.impl.ChannelOwner.runUntil(ChannelOwner.java:101)\r\n\t... 66 more\r\n"},"stage":"finished","description":"  As a visitor of the ecommerce website\n  I want to be able to login","steps":[{"name":"Given  i open Ztrain login page","status":"broken","statusDetails":{"known":false,"muted":false,"flaky":false,"message":"Failed to instantiate class step_definitions.StepDef_login","trace":"io.cucumber.core.exception.CucumberException: Failed to instantiate class step_definitions.StepDef_login\r\n\tat io.cucumber.core.backend.DefaultObjectFactory.cacheNewInstance(DefaultObjectFactory.java:67)\r\n\tat io.cucumber.core.backend.DefaultObjectFactory.getInstance(DefaultObjectFactory.java:45)\r\n\tat io.cucumber.java.AbstractGlueDefinition.invokeMethod(AbstractGlueDefinition.java:47)\r\n\tat io.cucumber.java.JavaStepDefinition.execute(JavaStepDefinition.java:29)\r\n\tat io.cucumber.core.runner.CoreStepDefinition.execute(CoreStepDefinition.java:66)\r\n\tat io.cucumber.core.runner.PickleStepDefinitionMatch.runStep(PickleStepDefinitionMatch.java:63)\r\n\tat io.cucumber.core.runner.ExecutionMode$1.execute(ExecutionMode.java:10)\r\n\tat io.cucumber.core.runner.TestStep.executeStep(TestStep.java:86)\r\n\tat io.cucumber.core.runner.TestStep.run(TestStep.java:57)\r\n\tat io.cucumber.core.runner.PickleStepTestStep.run(PickleStepTestStep.java:51)\r\n\tat io.cucumber.core.runner.TestCase.run(TestCase.java:95)\r\n\tat io.cucumber.core.runner.Runner.runPickle(Runner.java:75)\r\n\tat io.cucumber.junit.PickleRunners$NoStepDescriptions.lambda$run$0(PickleRunners.java:151)\r\n\tat io.cucumber.core.runtime.CucumberExecutionContext.lambda$runTestCase$3(CucumberExecutionContext.java:151)\r\n\tat io.cucumber.core.runtime.RethrowingThrowableCollector.executeAndThrow(RethrowingThrowableCollector.java:23)\r\n\tat io.cucumber.core.runtime.CucumberExecutionContext.runTestCase(CucumberExecutionContext.java:151)\r\n\tat io.cucumber.junit.PickleRunners$NoStepDescriptions.run(PickleRunners.java:148)\r\n\tat io.cucumber.junit.FeatureRunner.runChild(FeatureRunner.java:144)\r\n\tat io.cucumber.junit.FeatureRunner.runChild(FeatureRunner.java:28)\r\n\tat org.junit.runners.ParentRunner$4.run(ParentRunner.java:331)\r\n\tat org.junit.runners.ParentRunner$1.schedule(ParentRunner.java:79)\r\n\tat org.junit.runners.ParentRunner.runChildren(ParentRunner.java:329)\r\n\tat org.junit.runners.ParentRunner.access$100(ParentRunner.java:66)\r\n\tat org.junit.runners.ParentRunner$2.evaluate(ParentRunner.java:293)\r\n\tat org.junit.runners.ParentRunner$3.evaluate(ParentRunner.java:306)\r\n\tat org.junit.runners.ParentRunner.run(ParentRunner.java:413)\r\n\tat io.cucumber.junit.FeatureRunner.run(FeatureRunner.java:137)\r\n\tat io.cucumber.junit.Cucumber.runChild(Cucumber.java:196)\r\n\tat io.cucumber.junit.Cucumber.runChild(Cucumber.java:89)\r\n\tat org.junit.runners.ParentRunner$4.run(ParentRunner.java:331)\r\n\tat org.junit.runners.ParentRunner$1.schedule(ParentRunner.java:79)\r\n\tat org.junit.runners.ParentRunner.runChildren(ParentRunner.java:329)\r\n\tat org.junit.runners.ParentRunner.access$100(ParentRunner.java:66)\r\n\tat org.junit.runners.ParentRunner$2.evaluate(ParentRunner.java:293)\r\n\tat io.cucumber.junit.Cucumber$RunBeforeAllHooks.evaluate(Cucumber.java:266)\r\n\tat io.cucumber.junit.Cucumber$RunAfterAllHooks.evaluate(Cucumber.java:281)\r\n\tat io.cucumber.junit.Cucumber$StartTestRun.evaluate(Cucumber.java:233)\r\n\tat io.cucumber.junit.Cucumber$FinishTestRun.evaluate(Cucumber.java:248)\r\n\tat org.junit.runners.ParentRunner$3.evaluate(ParentRunner.java:306)\r\n\tat org.junit.runners.ParentRunner.run(ParentRunner.java:413)\r\n\tat org.apache.maven.surefire.junit4.JUnit4Provider.execute(JUnit4Provider.java:252)\r\n\tat org.apache.maven.surefire.junit4.JUnit4Provider.executeTestSet(JUnit4Provider.java:141)\r\n\tat org.apache.maven.surefire.junit4.JUnit4Provider.invoke(JUnit4Provider.java:112)\r\n\tat java.base/jdk.internal.reflect.NativeMethodAccessorImpl.invoke0(Native Method)\r\n\tat java.base/jdk.internal.reflect.NativeMethodAccessorImpl.invoke(NativeMethodAccessorImpl.java:77)\r\n\tat java.base/jdk.internal.reflect.DelegatingMethodAccessorImpl.invoke(DelegatingMethodAccessorImpl.java:43)\r\n\tat java.base/java.lang.reflect.Method.invoke(Method.java:568)\r\n\tat org.apache.maven.surefire.util.ReflectionUtils.invokeMethodWithArray(ReflectionUtils.java:189)\r\n\tat org.apache.maven.surefire.booter.ProviderFactory$ProviderProxy.invoke(ProviderFactory.java:165)\r\n\tat org.apache.maven.surefire.booter.ProviderFactory.invokeProvider(ProviderFactory.java:85)\r\n\tat org.apache.maven.surefire.booter.ForkedBooter.runSuitesInProcess(ForkedBooter.java:115)\r\n\tat org.apache.maven.surefire.booter.ForkedBooter.main(ForkedBooter.java:75)\r\nCaused by: java.lang.reflect.InvocationTargetException\r\n\tat java.base/jdk.internal.reflect.NativeConstructorAccessorImpl.newInstance0(Native Method)\r\n\tat java.base/jdk.internal.reflect.NativeConstructorAccessorImpl.newInstance(NativeConstructorAccessorImpl.java:77)\r\n\tat java.base/jdk.internal.reflect.DelegatingConstructorAccessorImpl.newInstance(DelegatingConstructorAccessorImpl.java:45)\r\n\tat java.base/java.lang.reflect.Constructor.newInstanceWithCaller(Constructor.java:499)\r\n\tat java.base/java.lang.reflect.Constructor.newInstance(Constructor.java:480)\r\n\tat io.cucumber.core.backend.DefaultObjectFactory.cacheNewInstance(DefaultObjectFactory.java:53)\r\n\t... 51 more\r\nCaused by: com.microsoft.playwright.TimeoutError: Error {\n  message='Timeout 30000ms exceeded.\n  name='TimeoutError\n  stack='TimeoutError: Timeout 30000ms exceeded.\n    at ProgressController.run (C:\\Users\\Pawk39\\AppData\\Local\\Temp\\playwright-java-5223264599714492088\\package\\lib\\server\\progress.js:96:26)\n    at Chromium.launch (C:\\Users\\Pawk39\\AppData\\Local\\Temp\\playwright-java-5223264599714492088\\package\\lib\\server\\browserType.js:81:38)\n    at BrowserTypeDispatcher.launch (C:\\Users\\Pawk39\\AppData\\Local\\Temp\\playwright-java-5223264599714492088\\package\\lib\\dispatchers\\browserTypeDispatcher.js:48:40)\n    at DispatcherConnection.dispatch (C:\\Users\\Pawk39\\AppData\\Local\\Temp\\playwright-java-5223264599714492088\\package\\lib\\dispatchers\\dispatcher.js:352:46)\n}\r\n\tat com.microsoft.playwright.impl.WaitableResult.get(WaitableResult.java:52)\r\n\tat com.microsoft.playwright.impl.ChannelOwner.runUntil(ChannelOwner.java:103)\r\n\tat com.microsoft.playwright.impl.Connection.sendMessage(Connection.java:115)\r\n\tat com.microsoft.playwright.impl.ChannelOwner.sendMessage(ChannelOwner.java:94)\r\n\tat com.microsoft.playwright.impl.BrowserTypeImpl.launchImpl(BrowserTypeImpl.java:47)\r\n\tat com.microsoft.playwright.impl.BrowserTypeImpl.lambda$launch$0(BrowserTypeImpl.java:39)\r\n\tat com.microsoft.playwright.impl.LoggingSupport.withLogging(LoggingSupport.java:47)\r\n\tat com.microsoft.playwright.impl.ChannelOwner.withLogging(ChannelOwner.java:79)\r\n\tat com.microsoft.playwright.impl.BrowserTypeImpl.launch(BrowserTypeImpl.java:39)\r\n\tat com.microsoft.playwright.impl.BrowserTypeImpl.launch(BrowserTypeImpl.java:32)\r\n\tat step_definitions.StepDef_login.<init>(StepDef_login.java:16)\r\n\t... 57 more\r\nCaused by: com.microsoft.playwright.TimeoutError: Error {\n  message='Timeout 30000ms exceeded.\n  name='TimeoutError\n  stack='TimeoutError: Timeout 30000ms exceeded.\n    at ProgressController.run (C:\\Users\\Pawk39\\AppData\\Local\\Temp\\playwright-java-5223264599714492088\\package\\lib\\server\\progress.js:96:26)\n    at Chromium.launch (C:\\Users\\Pawk39\\AppData\\Local\\Temp\\playwright-java-5223264599714492088\\package\\lib\\server\\browserType.js:81:38)\n    at BrowserTypeDispatcher.launch (C:\\Users\\Pawk39\\AppData\\Local\\Temp\\playwright-java-5223264599714492088\\package\\lib\\dispatchers\\browserTypeDispatcher.js:48:40)\n    at DispatcherConnection.dispatch (C:\\Users\\Pawk39\\AppData\\Local\\Temp\\playwright-java-5223264599714492088\\package\\lib\\dispatchers\\dispatcher.js:352:46)\n}\r\n\tat com.microsoft.playwright.impl.Connection.dispatch(Connection.java:226)\r\n\tat com.microsoft.playwright.impl.Connection.processOneMessage(Connection.java:208)\r\n\tat com.microsoft.playwright.impl.ChannelOwner.runUntil(ChannelOwner.java:101)\r\n\t... 66 more\r\n"},"stage":"finished","steps":[],"attachments":[],"parameters":[],"start":1671753860420,"stop":1671777284335},{"name":"When  I'm in the login page","status":"skipped","statusDetails":{"known":false,"muted":false,"flaky":false},"stage":"finished","steps":[],"attachments":[],"parameters":[],"start":1671777284337,"stop":1671777284338},{"name":"And  I enter email address \"ubogni@gmail.com\" and password \"Ulrich7\"","status":"skipped","statusDetails":{"known":false,"muted":false,"flaky":false},"stage":"finished","steps":[],"attachments":[],"parameters":[],"start":1671777284338,"stop":1671777284339},{"name":"And  I clicks to the login button","status":"skipped","statusDetails":{"known":false,"muted":false,"flaky":false},"stage":"finished","steps":[],"attachments":[],"parameters":[],"start":1671777284339,"stop":1671777284339},{"name":"Then  Access is denied with the message \"Email ou mot de passe incorrect\"","status":"skipped","statusDetails":{"known":false,"muted":false,"flaky":false},"stage":"finished","steps":[],"attachments":[],"parameters":[],"start":1671777284339,"stop":1671777284340}],"attachments":[],"parameters":[{"name":"email","value":"ubogni@gmail.com"},{"name":"password","value":"Ulrich7"}],"start":1671753860420,"stop":1671777284341}